==17416== Memcheck, a memory error detector
==17416== Copyright (C) 2002-2017, and GNU GPL'd, by Julian Seward et al.
==17416== Using Valgrind-3.15.0 and LibVEX; rerun with -h for copyright info
==17416== Command: ./minishell
==17416== Parent PID: 17134
==17416== 
==17417== 
==17417== FILE DESCRIPTORS: 1 open at exit.
==17417== Open file descriptor 3: /home/vscode/src/valg_errors.log
==17417==    <inherited from parent>
==17417== 
==17417== 
==17417== HEAP SUMMARY:
==17417==     in use at exit: 204,686 bytes in 224 blocks
==17417==   total heap usage: 612 allocs, 388 frees, 225,595 bytes allocated
==17417== 
==17417== LEAK SUMMARY:
==17417==    definitely lost: 0 bytes in 0 blocks
==17417==    indirectly lost: 0 bytes in 0 blocks
==17417==      possibly lost: 0 bytes in 0 blocks
==17417==    still reachable: 0 bytes in 0 blocks
==17417==         suppressed: 204,686 bytes in 224 blocks
==17417== 
==17417== ERROR SUMMARY: 0 errors from 0 contexts (suppressed: 0 from 0)
--17417-- 
--17417-- used_suppression:     61 ignore_versioned_libs .rl.supp:145 suppressed: 204,686 bytes in 224 blocks
==17417== 
==17417== ERROR SUMMARY: 0 errors from 0 contexts (suppressed: 0 from 0)
==17418== 
==17418== Process terminating with default action of signal 13 (SIGPIPE)
==17418==    at 0x49AD0A7: write (write.c:26)
==17418==    by 0x1109DF: fd_putchar (fd_putchar.c:17)
==17418==    by 0x1110DA: fd_putstr (fd_putstr.c:29)
==17418==    by 0x110C1F: fd_parse (fd_parse.c:23)
==17418==    by 0x11096B: fd_printf (fd_printf.c:33)
==17418==    by 0x109DBB: print_pwd (builtins.c:78)
==17418==    by 0x109AF4: builtin_check (builtins.c:24)
==17418==    by 0x109632: exec_children_cmds (execution.c:19)
==17418==    by 0x1099FA: execute_in_child (execution.c:152)
==17418==    by 0x109A7B: parse_input (execution.c:168)
==17418==    by 0x109547: take_input (main.c:30)
==17418==    by 0x1095AE: main (main.c:43)
==17419== 
==17419== FILE DESCRIPTORS: 1 open at exit.
==17419== Open file descriptor 3: /home/vscode/src/valg_errors.log
==17419==    <inherited from parent>
==17419== 
==17419== 
==17419== HEAP SUMMARY:
==17419==     in use at exit: 204,686 bytes in 224 blocks
==17419==   total heap usage: 612 allocs, 388 frees, 225,595 bytes allocated
==17419== 
==17419== LEAK SUMMARY:
==17419==    definitely lost: 0 bytes in 0 blocks
==17419==    indirectly lost: 0 bytes in 0 blocks
==17419==      possibly lost: 0 bytes in 0 blocks
==17419==    still reachable: 0 bytes in 0 blocks
==17419==         suppressed: 204,686 bytes in 224 blocks
==17419== 
==17419== ERROR SUMMARY: 0 errors from 0 contexts (suppressed: 0 from 0)
--17419-- 
--17419-- used_suppression:     61 ignore_versioned_libs .rl.supp:145 suppressed: 204,686 bytes in 224 blocks
==17419== 
==17419== ERROR SUMMARY: 0 errors from 0 contexts (suppressed: 0 from 0)
==17418== 
==17418== FILE DESCRIPTORS: 4 open at exit.
==17418== Open file descriptor 3: /home/vscode/src/valg_errors.log
==17418==    <inherited from parent>
==17418== 
==17418== Open file descriptor 2: /dev/pts/0
==17418==    <inherited from parent>
==17418== 
==17418== Open file descriptor 1:
==17418==    at 0x49AD8FB: dup2 (syscall-template.S:78)
==17418==    by 0x1097AE: dup_pipe_output (execution.c:111)
==17418==    by 0x1099A0: execute_in_child (execution.c:146)
==17418==    by 0x109A7B: parse_input (execution.c:168)
==17418==    by 0x109547: take_input (main.c:30)
==17418==    by 0x1095AE: main (main.c:43)
==17418== 
==17418== Open file descriptor 0:
==17418==    at 0x49AD8FB: dup2 (syscall-template.S:78)
==17418==    by 0x10985E: dup_pipe_input (execution.c:120)
==17418==    by 0x1099C9: execute_in_child (execution.c:148)
==17418==    by 0x109A7B: parse_input (execution.c:168)
==17418==    by 0x109547: take_input (main.c:30)
==17418==    by 0x1095AE: main (main.c:43)
==17418== 
==17418== 
==17418== HEAP SUMMARY:
==17418==     in use at exit: 208,972 bytes in 371 blocks
==17418==   total heap usage: 612 allocs, 241 frees, 225,595 bytes allocated
==17418== 
==17418== 2 bytes in 1 blocks are still reachable in loss record 1 of 73
==17418==    at 0x483B7F3: malloc (in /usr/lib/x86_64-linux-gnu/valgrind/vgpreload_memcheck-amd64-linux.so)
==17418==    by 0x10FDF7: ft_itoa_alloc (ft_itoa.c:31)
==17418==    by 0x10FE58: ft_itoa (ft_itoa.c:50)
==17418==    by 0x10A9CA: increase_shlvl (ft_parse_env.c:75)
==17418==    by 0x10ACC6: ft_parse_env (ft_parse_env.c:141)
==17418==    by 0x1095A2: main (main.c:42)
==17418== 
==17418== 27 bytes in 6 blocks are still reachable in loss record 11 of 73
==17418==    at 0x483B7F3: malloc (in /usr/lib/x86_64-linux-gnu/valgrind/vgpreload_memcheck-amd64-linux.so)
==17418==    by 0x10FBDB: ft_calloc (ft_calloc.c:30)
==17418==    by 0x1103DB: ft_strdup (ft_strdup.c:29)
==17418==    by 0x10B202: ft_populate_cmd (ft_parse_token_utils.c:136)
==17418==    by 0x10AD77: ft_init_arg_n_rdr (ft_parse_token.c:34)
==17418==    by 0x10AE02: ft_parse_token (ft_parse_token.c:56)
==17418==    by 0x10952F: take_input (main.c:27)
==17418==    by 0x1095AE: main (main.c:43)
==17418== 
==17418== 35 bytes in 10 blocks are still reachable in loss record 14 of 73
==17418==    at 0x483B7F3: malloc (in /usr/lib/x86_64-linux-gnu/valgrind/vgpreload_memcheck-amd64-linux.so)
==17418==    by 0x10FBDB: ft_calloc (ft_calloc.c:30)
==17418==    by 0x10C21A: convert_linked_list (ft_tokenizer.c:352)
==17418==    by 0x10C30C: ft_tokenize (ft_tokenizer.c:372)
==17418==    by 0x10950B: take_input (main.c:25)
==17418==    by 0x1095AE: main (main.c:43)
==17418== 
==17418== 55 bytes in 19 blocks are still reachable in loss record 21 of 73
==17418==    at 0x483B7F3: malloc (in /usr/lib/x86_64-linux-gnu/valgrind/vgpreload_memcheck-amd64-linux.so)
==17418==    by 0x10FBDB: ft_calloc (ft_calloc.c:30)
==17420== 
==17420== Process terminating with default action of signal 13 (SIGPIPE)
==17421== 
==17421== FILE DESCRIPTORS: 1 open at exit.
==17421== Open file descriptor 3: /home/vscode/src/valg_errors.log
==17418==    by 0x1107A3: ft_substr (ft_substr.c:34)
==17420==    at 0x49AD0A7: write (write.c:26)
==17420==    by 0x1109DF: fd_putchar (fd_putchar.c:17)
==17420==    by 0x1110DA: fd_putstr (fd_putstr.c:29)
==17420==    by 0x110C1F: fd_parse (fd_parse.c:23)
==17420==    by 0x11096B: fd_printf (fd_printf.c:33)
==17420==    by 0x109EBF: print_echo (ft_echo.c:27)
==17420==    by 0x10A0D8: ft_echo (ft_echo.c:91)
==17420==    by 0x109BF0: builtin_check (builtins.c:33)
==17420==    by 0x109632: exec_children_cmds (execution.c:19)
==17420==    by 0x1099FA: execute_in_child (execution.c:152)
==17420==    by 0x109A7B: parse_input (execution.c:168)
==17420==    by 0x109547: take_input (main.c:30)
==17421==    <inherited from parent>
==17421== 
==17421== 
==17421== HEAP SUMMARY:
==17421==     in use at exit: 204,686 bytes in 224 blocks
==17421==   total heap usage: 616 allocs, 392 frees, 225,652 bytes allocated
==17421== 
==17418==    by 0x10B556: ft_next_token (ft_tokenizer.c:62)
==17418==    by 0x10B61B: ft_tokenlist (ft_tokenizer.c:80)
==17418==    by 0x10C2D1: ft_tokenize (ft_tokenizer.c:366)
==17418==    by 0x10950B: take_input (main.c:25)
==17418==    by 0x1095AE: main (main.c:43)
==17418== 
==17421== LEAK SUMMARY:
==17421==    definitely lost: 0 bytes in 0 blocks
==17421==    indirectly lost: 0 bytes in 0 blocks
==17421==      possibly lost: 0 bytes in 0 blocks
==17418== 88 bytes in 1 blocks are still reachable in loss record 25 of 73
==17418==    at 0x483B7F3: malloc (in /usr/lib/x86_64-linux-gnu/valgrind/vgpreload_memcheck-amd64-linux.so)
==17418==    by 0x10FBDB: ft_calloc (ft_calloc.c:30)
==17418==    by 0x110078: ft_realloc (ft_realloc.c:34)
==17418==    by 0x10C275: convert_linked_list (ft_tokenizer.c:355)
==17418==    by 0x10C30C: ft_tokenize (ft_tokenizer.c:372)
==17418==    by 0x10950B: take_input (main.c:25)
==17418==    by 0x1095AE: main (main.c:43)
==17418== 
==17418== 88 bytes in 5 blocks are still reachable in loss record 26 of 73
==17418==    at 0x483B7F3: malloc (in /usr/lib/x86_64-linux-gnu/valgrind/vgpreload_memcheck-amd64-linux.so)
==17418==    by 0x10FBDB: ft_calloc (ft_calloc.c:30)
==17418==    by 0x10AD19: ft_init_arg_n_rdr (ft_parse_token.c:29)
==17418==    by 0x10AE02: ft_parse_token (ft_parse_token.c:56)
==17418==    by 0x10952F: take_input (main.c:27)
==17418==    by 0x1095AE: main (main.c:43)
==17418== 
==17418== 278 bytes in 27 blocks are still reachable in loss record 30 of 73
==17418==    at 0x483B7F3: malloc (in /usr/lib/x86_64-linux-gnu/valgrind/vgpreload_memcheck-amd64-linux.so)
==17418==    by 0x10FBDB: ft_calloc (ft_calloc.c:30)
==17418==    by 0x1107A3: ft_substr (ft_substr.c:34)
==17418==    by 0x10ABF6: ft_parse_env (ft_parse_env.c:129)
==17418==    by 0x1095A2: main (main.c:42)
==17418== 
==17418== 280 bytes in 5 blocks are still reachable in loss record 32 of 73
==17418==    at 0x483B7F3: malloc (in /usr/lib/x86_64-linux-gnu/valgrind/vgpreload_memcheck-amd64-linux.so)
==17418==    by 0x10FBDB: ft_calloc (ft_calloc.c:30)
==17418==    by 0x10ADC3: ft_parse_token (ft_parse_token.c:53)
==17418==    by 0x10952F: take_input (main.c:27)
==17418==    by 0x1095AE: main (main.c:43)
==17418== 
==17418== 608 bytes in 19 blocks are still reachable in loss record 35 of 73
==17418==    at 0x483B7F3: malloc (in /usr/lib/x86_64-linux-gnu/valgrind/vgpreload_memcheck-amd64-linux.so)
==17418==    by 0x10FBDB: ft_calloc (ft_calloc.c:30)
==17418==    by 0x10B5D1: ft_tokenlist (ft_tokenizer.c:77)
==17418==    by 0x10C2D1: ft_tokenize (ft_tokenizer.c:366)
==17418==    by 0x10950B: take_input (main.c:25)
==17418==    by 0x1095AE: main (main.c:43)
==17418== 
==17418== 864 bytes in 27 blocks are still reachable in loss record 37 of 73
==17418==    at 0x483B7F3: malloc (in /usr/lib/x86_64-linux-gnu/valgrind/vgpreload_memcheck-amd64-linux.so)
==17418==    by 0x10FBDB: ft_calloc (ft_calloc.c:30)
==17418==    by 0x10AB99: ft_parse_env (ft_parse_env.c:126)
==17418==    by 0x1095A2: main (main.c:42)
==17418== 
==17421==    still reachable: 0 bytes in 0 blocks
==17418== 1,924 bytes in 26 blocks are still reachable in loss record 46 of 73
==17418==    at 0x483B7F3: malloc (in /usr/lib/x86_64-linux-gnu/valgrind/vgpreload_memcheck-amd64-linux.so)
==17418==    by 0x10FBDB: ft_calloc (ft_calloc.c:30)
==17418==    by 0x1103DB: ft_strdup (ft_strdup.c:29)
==17418==    by 0x10AC25: ft_parse_env (ft_parse_env.c:130)
==17418==    by 0x1095A2: main (main.c:42)
==17418== 
==17421==         suppressed: 204,686 bytes in 224 blocks
==17418== LEAK SUMMARY:
==17418==    definitely lost: 0 bytes in 0 blocks
==17418==    indirectly lost: 0 bytes in 0 blocks
==17418==      possibly lost: 0 bytes in 0 blocks
==17418==    still reachable: 4,249 bytes in 146 blocks
==17418==         suppressed: 204,723 bytes in 225 blocks
==17418== 
==17418== ERROR SUMMARY: 0 errors from 0 contexts (suppressed: 0 from 0)
--17418-- 
--17418-- used_suppression:     62 ignore_versioned_libs .rl.supp:145 suppressed: 204,723 bytes in 225 blocks
==17418== 
==17418== ERROR SUMMARY: 0 errors from 0 contexts (suppressed: 0 from 0)
==17421== 
==17421== ERROR SUMMARY: 0 errors from 0 contexts (suppressed: 0 from 0)
--17421-- 
--17421-- used_suppression:     61 ignore_versioned_libs .rl.supp:145 suppressed: 204,686 bytes in 224 blocks
==17421== 
==17421== ERROR SUMMARY: 0 errors from 0 contexts (suppressed: 0 from 0)
==17420== 
==17420== FILE DESCRIPTORS: 4 open at exit.
==17420== Open file descriptor 3: /home/vscode/src/valg_errors.log
==17420==    <inherited from parent>
==17420== 
==17420== Open file descriptor 2: /dev/pts/0
==17420==    <inherited from parent>
==17420== 
==17420== Open file descriptor 1:
==17420==    at 0x49AD8FB: dup2 (syscall-template.S:78)
==17420==    by 0x1097AE: dup_pipe_output (execution.c:111)
==17420==    by 0x1099A0: execute_in_child (execution.c:146)
==17420==    by 0x109A7B: parse_input (execution.c:168)
==17420==    by 0x109547: take_input (main.c:30)
==17420==    by 0x1095AE: main (main.c:43)
==17420== 
==17420== Open file descriptor 0:
==17420==    at 0x49AD8FB: dup2 (syscall-template.S:78)
==17420==    by 0x10985E: dup_pipe_input (execution.c:120)
==17420==    by 0x1099C9: execute_in_child (execution.c:148)
==17420==    by 0x109A7B: parse_input (execution.c:168)
==17420==    by 0x109547: take_input (main.c:30)
==17420==    by 0x1095AE: main (main.c:43)
==17420== 
==17420== 
==17420== HEAP SUMMARY:
==17420==     in use at exit: 208,972 bytes in 371 blocks
==17420==   total heap usage: 612 allocs, 241 frees, 225,595 bytes allocated
==17420== 
==17420== 2 bytes in 1 blocks are still reachable in loss record 1 of 73
==17420==    at 0x483B7F3: malloc (in /usr/lib/x86_64-linux-gnu/valgrind/vgpreload_memcheck-amd64-linux.so)
==17420==    by 0x10FDF7: ft_itoa_alloc (ft_itoa.c:31)
==17420==    by 0x10FE58: ft_itoa (ft_itoa.c:50)
==17420==    by 0x10A9CA: increase_shlvl (ft_parse_env.c:75)
==17420==    by 0x10ACC6: ft_parse_env (ft_parse_env.c:141)
==17420==    by 0x1095A2: main (main.c:42)
==17420== 
==17420== 27 bytes in 6 blocks are still reachable in loss record 11 of 73
==17420==    at 0x483B7F3: malloc (in /usr/lib/x86_64-linux-gnu/valgrind/vgpreload_memcheck-amd64-linux.so)
==17420==    by 0x10FBDB: ft_calloc (ft_calloc.c:30)
==17420==    by 0x1103DB: ft_strdup (ft_strdup.c:29)
==17420==    by 0x10B202: ft_populate_cmd (ft_parse_token_utils.c:136)
==17420==    by 0x10AD77: ft_init_arg_n_rdr (ft_parse_token.c:34)
==17420==    by 0x10AE02: ft_parse_token (ft_parse_token.c:56)
==17420==    by 0x10952F: take_input (main.c:27)
==17420==    by 0x1095AE: main (main.c:43)
==17420== 
==17420== 35 bytes in 10 blocks are still reachable in loss record 14 of 73
==17420==    at 0x483B7F3: malloc (in /usr/lib/x86_64-linux-gnu/valgrind/vgpreload_memcheck-amd64-linux.so)
==17420==    by 0x10FBDB: ft_calloc (ft_calloc.c:30)
==17420==    by 0x10C21A: convert_linked_list (ft_tokenizer.c:352)
==17420==    by 0x10C30C: ft_tokenize (ft_tokenizer.c:372)
==17420==    by 0x10950B: take_input (main.c:25)
==17420==    by 0x1095AE: main (main.c:43)
==17420== 
==17420== 55 bytes in 19 blocks are still reachable in loss record 21 of 73
==17420==    at 0x483B7F3: malloc (in /usr/lib/x86_64-linux-gnu/valgrind/vgpreload_memcheck-amd64-linux.so)
==17420==    by 0x10FBDB: ft_calloc (ft_calloc.c:30)
==17420==    by 0x1107A3: ft_substr (ft_substr.c:34)
==17420==    by 0x10B556: ft_next_token (ft_tokenizer.c:62)
==17420==    by 0x10B61B: ft_tokenlist (ft_tokenizer.c:80)
==17420==    by 0x10C2D1: ft_tokenize (ft_tokenizer.c:366)
==17420==    by 0x10950B: take_input (main.c:25)
==17420==    by 0x1095AE: main (main.c:43)
==17420== 
==17420== 88 bytes in 1 blocks are still reachable in loss record 25 of 73
==17420==    at 0x483B7F3: malloc (in /usr/lib/x86_64-linux-gnu/valgrind/vgpreload_memcheck-amd64-linux.so)
==17420==    by 0x10FBDB: ft_calloc (ft_calloc.c:30)
==17420==    by 0x110078: ft_realloc (ft_realloc.c:34)
==17420==    by 0x10C275: convert_linked_list (ft_tokenizer.c:355)
==17420==    by 0x10C30C: ft_tokenize (ft_tokenizer.c:372)
==17420==    by 0x10950B: take_input (main.c:25)
==17420==    by 0x1095AE: main (main.c:43)
==17420== 
==17420== 88 bytes in 5 blocks are still reachable in loss record 26 of 73
==17420==    at 0x483B7F3: malloc (in /usr/lib/x86_64-linux-gnu/valgrind/vgpreload_memcheck-amd64-linux.so)
==17420==    by 0x10FBDB: ft_calloc (ft_calloc.c:30)
==17420==    by 0x10AD19: ft_init_arg_n_rdr (ft_parse_token.c:29)
==17420==    by 0x10AE02: ft_parse_token (ft_parse_token.c:56)
==17420==    by 0x10952F: take_input (main.c:27)
==17420==    by 0x1095AE: main (main.c:43)
==17420== 
==17420== 278 bytes in 27 blocks are still reachable in loss record 30 of 73
==17420==    at 0x483B7F3: malloc (in /usr/lib/x86_64-linux-gnu/valgrind/vgpreload_memcheck-amd64-linux.so)
==17420==    by 0x10FBDB: ft_calloc (ft_calloc.c:30)
==17420==    by 0x1107A3: ft_substr (ft_substr.c:34)
==17420==    by 0x10ABF6: ft_parse_env (ft_parse_env.c:129)
==17420==    by 0x1095A2: main (main.c:42)
==17420== 
==17420== 280 bytes in 5 blocks are still reachable in loss record 32 of 73
==17420==    at 0x483B7F3: malloc (in /usr/lib/x86_64-linux-gnu/valgrind/vgpreload_memcheck-amd64-linux.so)
==17420==    by 0x10FBDB: ft_calloc (ft_calloc.c:30)
==17420==    by 0x10ADC3: ft_parse_token (ft_parse_token.c:53)
==17420==    by 0x10952F: take_input (main.c:27)
==17420==    by 0x1095AE: main (main.c:43)
==17420== 
==17420== 608 bytes in 19 blocks are still reachable in loss record 35 of 73
==17420==    at 0x483B7F3: malloc (in /usr/lib/x86_64-linux-gnu/valgrind/vgpreload_memcheck-amd64-linux.so)
==17420==    by 0x10FBDB: ft_calloc (ft_calloc.c:30)
==17420==    by 0x10B5D1: ft_tokenlist (ft_tokenizer.c:77)
==17420==    by 0x10C2D1: ft_tokenize (ft_tokenizer.c:366)
==17420==    by 0x10950B: take_input (main.c:25)
==17420==    by 0x1095AE: main (main.c:43)
==17420== 
==17420== 864 bytes in 27 blocks are still reachable in loss record 37 of 73
==17420==    at 0x483B7F3: malloc (in /usr/lib/x86_64-linux-gnu/valgrind/vgpreload_memcheck-amd64-linux.so)
==17420==    by 0x10FBDB: ft_calloc (ft_calloc.c:30)
==17420==    by 0x10AB99: ft_parse_env (ft_parse_env.c:126)
==17420==    by 0x1095A2: main (main.c:42)
==17420== 
==17420== 1,924 bytes in 26 blocks are still reachable in loss record 46 of 73
==17420==    at 0x483B7F3: malloc (in /usr/lib/x86_64-linux-gnu/valgrind/vgpreload_memcheck-amd64-linux.so)
==17420==    by 0x10FBDB: ft_calloc (ft_calloc.c:30)
==17420==    by 0x1103DB: ft_strdup (ft_strdup.c:29)
==17420==    by 0x10AC25: ft_parse_env (ft_parse_env.c:130)
==17420==    by 0x1095A2: main (main.c:42)
==17420== 
==17420== LEAK SUMMARY:
==17420==    definitely lost: 0 bytes in 0 blocks
==17420==    indirectly lost: 0 bytes in 0 blocks
==17420==      possibly lost: 0 bytes in 0 blocks
==17420==    still reachable: 4,249 bytes in 146 blocks
==17420==         suppressed: 204,723 bytes in 225 blocks
==17420== 
==17420== ERROR SUMMARY: 0 errors from 0 contexts (suppressed: 0 from 0)
--17420-- 
--17420-- used_suppression:     62 ignore_versioned_libs .rl.supp:145 suppressed: 204,723 bytes in 225 blocks
==17420== 
==17420== ERROR SUMMARY: 0 errors from 0 contexts (suppressed: 0 from 0)
==17416== 
==17416== FILE DESCRIPTORS: 1 open at exit.
==17416== Open file descriptor 3: /home/vscode/src/valg_errors.log
==17416==    <inherited from parent>
==17416== 
==17416== 
==17416== HEAP SUMMARY:
==17416==     in use at exit: 204,686 bytes in 224 blocks
==17416==   total heap usage: 617 allocs, 393 frees, 225,725 bytes allocated
==17416== 
==17416== LEAK SUMMARY:
==17416==    definitely lost: 0 bytes in 0 blocks
==17416==    indirectly lost: 0 bytes in 0 blocks
==17416==      possibly lost: 0 bytes in 0 blocks
==17416==    still reachable: 0 bytes in 0 blocks
==17416==         suppressed: 204,686 bytes in 224 blocks
==17416== 
==17416== ERROR SUMMARY: 0 errors from 0 contexts (suppressed: 0 from 0)
--17416-- 
--17416-- used_suppression:     61 ignore_versioned_libs .rl.supp:145 suppressed: 204,686 bytes in 224 blocks
==17416== 
==17416== ERROR SUMMARY: 0 errors from 0 contexts (suppressed: 0 from 0)
